# JRE version: OpenJDK Runtime Environment (11.0.13) (build 11.0.13+0-b1751.21-8125866)
# Java VM: OpenJDK 64-Bit Server VM (11.0.13+0-b1751.21-8125866, mixed mode, tiered, compressed oops, g1 gc, windows-amd64)
Heap:
 garbage-first heap   total 262144K, used 165549K [0x0000000080000000, 0x0000000100000000)
  region size 1024K, 11 young (11264K), 6 survivors (6144K)
 Metaspace       used 91754K, capacity 94349K, committed 95312K, reserved 1132544K
  class space    used 11675K, capacity 12696K, committed 13056K, reserved 1048576K
GC Heap History (20 events):
Event: 24.605 GC heap before
{Heap before GC invocations=11 (full 0):
 garbage-first heap   total 262144K, used 144076K [0x0000000080000000, 0x0000000100000000)
  region size 1024K, 96 young (98304K), 3 survivors (3072K)
 Metaspace       used 65087K, capacity 66856K, committed 67024K, reserved 1107968K
  class space    used 8184K, capacity 8815K, committed 8832K, reserved 1048576K
}
Event: 24.626 GC heap after
{Heap after GC invocations=12 (full 0):
 garbage-first heap   total 262144K, used 54415K [0x0000000080000000, 0x0000000100000000)
  region size 1024K, 9 young (9216K), 9 survivors (9216K)
 Metaspace       used 65087K, capacity 66856K, committed 67024K, reserved 1107968K
  class space    used 8184K, capacity 8815K, committed 8832K, reserved 1048576K
}
Event: 26.923 GC heap before
{Heap before GC invocations=13 (full 0):
 garbage-first heap   total 262144K, used 154767K [0x0000000080000000, 0x0000000100000000)
  region size 1024K, 107 young (109568K), 9 survivors (9216K)
 Metaspace       used 69554K, capacity 71454K, committed 71632K, reserved 1112064K
  class space    used 8866K, capacity 9564K, committed 9600K, reserved 1048576K
}
Event: 26.943 GC heap after
{Heap after GC invocations=14 (full 0):
 garbage-first heap   total 262144K, used 62350K [0x0000000080000000, 0x0000000100000000)
  region size 1024K, 8 young (8192K), 8 survivors (8192K)
 Metaspace       used 69554K, capacity 71454K, committed 71632K, reserved 1112064K
  class space    used 8866K, capacity 9564K, committed 9600K, reserved 1048576K
}
Event: 29.001 GC heap before
{Heap before GC invocations=14 (full 0):
 garbage-first heap   total 262144K, used 165774K [0x0000000080000000, 0x0000000100000000)
  region size 1024K, 109 young (111616K), 8 survivors (8192K)
 Metaspace       used 74546K, capacity 76681K, committed 76880K, reserved 1116160K
  class space    used 9654K, capacity 10480K, committed 10496K, reserved 1048576K
}
Event: 29.026 GC heap after
{Heap after GC invocations=15 (full 0):
 garbage-first heap   total 262144K, used 68952K [0x0000000080000000, 0x0000000100000000)
  region size 1024K, 14 young (14336K), 14 survivors (14336K)
 Metaspace       used 74546K, capacity 76681K, committed 76880K, reserved 1116160K
  class space    used 9654K, capacity 10480K, committed 10496K, reserved 1048576K
}
Event: 34.084 GC heap before
{Heap before GC invocations=15 (full 0):
 garbage-first heap   total 262144K, used 174424K [0x0000000080000000, 0x0000000100000000)
  region size 1024K, 117 young (119808K), 14 survivors (14336K)
 Metaspace       used 83939K, capacity 86373K, committed 86480K, reserved 1124352K
  class space    used 10920K, capacity 11833K, committed 11904K, reserved 1048576K
}
Event: 34.120 GC heap after
{Heap after GC invocations=16 (full 0):
 garbage-first heap   total 262144K, used 77036K [0x0000000080000000, 0x0000000100000000)
  region size 1024K, 15 young (15360K), 15 survivors (15360K)
 Metaspace       used 83939K, capacity 86373K, committed 86480K, reserved 1124352K
  class space    used 10920K, capacity 11833K, committed 11904K, reserved 1048576K
}
Event: 36.752 GC heap before
{Heap before GC invocations=16 (full 0):
 garbage-first heap   total 262144K, used 183532K [0x0000000080000000, 0x0000000100000000)
  region size 1024K, 119 young (121856K), 15 survivors (15360K)
 Metaspace       used 86417K, capacity 89255K, committed 89552K, reserved 1126400K
  class space    used 11264K, capacity 12359K, committed 12416K, reserved 1048576K
}
Event: 36.784 GC heap after
{Heap after GC invocations=17 (full 0):
 garbage-first heap   total 262144K, used 84392K [0x0000000080000000, 0x0000000100000000)
  region size 1024K, 15 young (15360K), 15 survivors (15360K)
 Metaspace       used 86417K, capacity 89255K, committed 89552K, reserved 1126400K
  class space    used 11264K, capacity 12359K, committed 12416K, reserved 1048576K
}
Event: 46.325 GC heap before
{Heap before GC invocations=17 (full 0):
 garbage-first heap   total 262144K, used 188840K [0x0000000080000000, 0x0000000100000000)
  region size 1024K, 118 young (120832K), 15 survivors (15360K)
 Metaspace       used 88634K, capacity 91556K, committed 91856K, reserved 1128448K
  class space    used 11431K, capacity 12559K, committed 12672K, reserved 1048576K
}
Event: 46.378 GC heap after
{Heap after GC invocations=18 (full 0):
 garbage-first heap   total 262144K, used 97967K [0x0000000080000000, 0x0000000100000000)
  region size 1024K, 14 young (14336K), 14 survivors (14336K)
 Metaspace       used 88634K, capacity 91556K, committed 91856K, reserved 1128448K
  class space    used 11431K, capacity 12559K, committed 12672K, reserved 1048576K
}
Event: 50.092 GC heap before
{Heap before GC invocations=18 (full 0):
 garbage-first heap   total 262144K, used 198319K [0x0000000080000000, 0x0000000100000000)
  region size 1024K, 109 young (111616K), 14 survivors (14336K)
 Metaspace       used 88943K, capacity 91755K, committed 92112K, reserved 1128448K
  class space    used 11449K, capacity 12562K, committed 12672K, reserved 1048576K
}
Event: 50.180 GC heap after
{Heap after GC invocations=19 (full 0):
 garbage-first heap   total 262144K, used 142336K [0x0000000080000000, 0x0000000100000000)
  region size 1024K, 14 young (14336K), 14 survivors (14336K)
 Metaspace       used 88943K, capacity 91755K, committed 92112K, reserved 1128448K
  class space    used 11449K, capacity 12562K, committed 12672K, reserved 1048576K
}
Event: 51.049 GC heap before
{Heap before GC invocations=19 (full 0):
 garbage-first heap   total 262144K, used 160768K [0x0000000080000000, 0x0000000100000000)
  region size 1024K, 33 young (33792K), 14 survivors (14336K)
 Metaspace       used 89177K, capacity 92043K, committed 92368K, reserved 1128448K
  class space    used 11468K, capacity 12594K, committed 12672K, reserved 1048576K
}
Event: 51.095 GC heap after
{Heap after GC invocations=20 (full 0):
 garbage-first heap   total 262144K, used 146944K [0x0000000080000000, 0x0000000100000000)
  region size 1024K, 3 young (3072K), 3 survivors (3072K)
 Metaspace       used 89177K, capacity 92043K, committed 92368K, reserved 1128448K
  class space    used 11468K, capacity 12594K, committed 12672K, reserved 1048576K
}
Event: 53.143 GC heap before
{Heap before GC invocations=21 (full 0):
 garbage-first heap   total 262144K, used 197120K [0x0000000080000000, 0x0000000100000000)
  region size 1024K, 45 young (46080K), 3 survivors (3072K)
 Metaspace       used 88819K, capacity 91412K, committed 92368K, reserved 1128448K
  class space    used 11333K, capacity 12335K, committed 12672K, reserved 1048576K
}
Event: 53.176 GC heap after
{Heap after GC invocations=22 (full 0):
 garbage-first heap   total 262144K, used 154624K [0x0000000080000000, 0x0000000100000000)
  region size 1024K, 6 young (6144K), 6 survivors (6144K)
 Metaspace       used 88819K, capacity 91412K, committed 92368K, reserved 1128448K
  class space    used 11333K, capacity 12335K, committed 12672K, reserved 1048576K
}
Event: 55.085 GC heap before
{Heap before GC invocations=22 (full 0):
 garbage-first heap   total 262144K, used 196608K [0x0000000080000000, 0x0000000100000000)
  region size 1024K, 47 young (48128K), 6 survivors (6144K)
 Metaspace       used 91676K, capacity 94215K, committed 95312K, reserved 1132544K
  class space    used 11673K, capacity 12694K, committed 13056K, reserved 1048576K
}
Event: 55.121 GC heap after
{Heap after GC invocations=23 (full 0):
 garbage-first heap   total 262144K, used 161453K [0x0000000080000000, 0x0000000100000000)
  region size 1024K, 6 young (6144K), 6 survivors (6144K)
 Metaspace       used 91676K, capacity 94215K, committed 95312K, reserved 1132544K
  class space    used 11673K, capacity 12694K, committed 13056K, reserved 1048576K
}

