# JRE version: OpenJDK Runtime Environment (11.0.13) (build 11.0.13+0-b1751.21-8125866)
# Java VM: OpenJDK 64-Bit Server VM (11.0.13+0-b1751.21-8125866, mixed mode, tiered, compressed oops, g1 gc, windows-amd64)
Heap:
 garbage-first heap   total 406528K, used 248706K [0x0000000080000000, 0x0000000100000000)
  region size 1024K, 4 young (4096K), 4 survivors (4096K)
 Metaspace       used 108947K, capacity 111894K, committed 112208K, reserved 1146880K
  class space    used 13361K, capacity 14511K, committed 14592K, reserved 1048576K
GC Heap History (20 events):
Event: 99.487 GC heap after
{Heap after GC invocations=61 (full 0):
 garbage-first heap   total 315392K, used 195207K [0x0000000080000000, 0x0000000100000000)
  region size 1024K, 11 young (11264K), 11 survivors (11264K)
 Metaspace       used 105060K, capacity 107871K, committed 108112K, reserved 1142784K
  class space    used 12871K, capacity 13956K, committed 14080K, reserved 1048576K
}
Event: 99.848 GC heap before
{Heap before GC invocations=61 (full 0):
 garbage-first heap   total 315392K, used 258695K [0x0000000080000000, 0x0000000100000000)
  region size 1024K, 73 young (74752K), 11 survivors (11264K)
 Metaspace       used 105060K, capacity 107871K, committed 108112K, reserved 1142784K
  class space    used 12871K, capacity 13956K, committed 14080K, reserved 1048576K
}
Event: 99.855 GC heap after
{Heap after GC invocations=62 (full 0):
 garbage-first heap   total 315392K, used 206531K [0x0000000080000000, 0x0000000100000000)
  region size 1024K, 10 young (10240K), 10 survivors (10240K)
 Metaspace       used 105060K, capacity 107871K, committed 108112K, reserved 1142784K
  class space    used 12871K, capacity 13956K, committed 14080K, reserved 1048576K
}
Event: 100.079 GC heap before
{Heap before GC invocations=62 (full 0):
 garbage-first heap   total 315392K, used 261827K [0x0000000080000000, 0x0000000100000000)
  region size 1024K, 64 young (65536K), 10 survivors (10240K)
 Metaspace       used 105063K, capacity 107935K, committed 108112K, reserved 1142784K
  class space    used 12871K, capacity 13956K, committed 14080K, reserved 1048576K
}
Event: 100.084 GC heap after
{Heap after GC invocations=63 (full 0):
 garbage-first heap   total 315392K, used 217387K [0x0000000080000000, 0x0000000100000000)
  region size 1024K, 8 young (8192K), 8 survivors (8192K)
 Metaspace       used 105063K, capacity 107935K, committed 108112K, reserved 1142784K
  class space    used 12871K, capacity 13956K, committed 14080K, reserved 1048576K
}
Event: 100.248 GC heap before
{Heap before GC invocations=63 (full 0):
 garbage-first heap   total 315392K, used 264491K [0x0000000080000000, 0x0000000100000000)
  region size 1024K, 53 young (54272K), 8 survivors (8192K)
 Metaspace       used 105063K, capacity 107935K, committed 108112K, reserved 1142784K
  class space    used 12871K, capacity 13956K, committed 14080K, reserved 1048576K
}
Event: 100.252 GC heap after
{Heap after GC invocations=64 (full 0):
 garbage-first heap   total 315392K, used 225993K [0x0000000080000000, 0x0000000100000000)
  region size 1024K, 7 young (7168K), 7 survivors (7168K)
 Metaspace       used 105063K, capacity 107935K, committed 108112K, reserved 1142784K
  class space    used 12871K, capacity 13956K, committed 14080K, reserved 1048576K
}
Event: 102.298 GC heap before
{Heap before GC invocations=64 (full 0):
 garbage-first heap   total 315392K, used 265929K [0x0000000080000000, 0x0000000100000000)
  region size 1024K, 46 young (47104K), 7 survivors (7168K)
 Metaspace       used 105120K, capacity 107948K, committed 108112K, reserved 1142784K
  class space    used 12879K, capacity 13960K, committed 14080K, reserved 1048576K
}
Event: 102.307 GC heap after
{Heap after GC invocations=65 (full 0):
 garbage-first heap   total 315392K, used 231842K [0x0000000080000000, 0x0000000100000000)
  region size 1024K, 6 young (6144K), 6 survivors (6144K)
 Metaspace       used 105120K, capacity 107948K, committed 108112K, reserved 1142784K
  class space    used 12879K, capacity 13960K, committed 14080K, reserved 1048576K
}
Event: 103.797 GC heap before
{Heap before GC invocations=66 (full 0):
 garbage-first heap   total 315392K, used 264610K [0x0000000080000000, 0x0000000100000000)
  region size 1024K, 42 young (43008K), 6 survivors (6144K)
 Metaspace       used 108661K, capacity 111586K, committed 111952K, reserved 1146880K
  class space    used 13359K, capacity 14477K, committed 14592K, reserved 1048576K
}
Event: 103.817 GC heap after
{Heap after GC invocations=67 (full 0):
 garbage-first heap   total 315392K, used 234488K [0x0000000080000000, 0x0000000100000000)
  region size 1024K, 6 young (6144K), 6 survivors (6144K)
 Metaspace       used 108661K, capacity 111586K, committed 111952K, reserved 1146880K
  class space    used 13359K, capacity 14477K, committed 14592K, reserved 1048576K
}
Event: 103.991 GC heap before
{Heap before GC invocations=67 (full 0):
 garbage-first heap   total 315392K, used 243704K [0x0000000080000000, 0x0000000100000000)
  region size 1024K, 15 young (15360K), 6 survivors (6144K)
 Metaspace       used 108746K, capacity 111688K, committed 111952K, reserved 1146880K
  class space    used 13361K, capacity 14511K, committed 14592K, reserved 1048576K
}
Event: 104.014 GC heap after
{Heap after GC invocations=68 (full 0):
 garbage-first heap   total 315392K, used 215172K [0x0000000080000000, 0x0000000100000000)
  region size 1024K, 2 young (2048K), 2 survivors (2048K)
 Metaspace       used 108746K, capacity 111688K, committed 111952K, reserved 1146880K
  class space    used 13361K, capacity 14511K, committed 14592K, reserved 1048576K
}
Event: 104.566 GC heap before
{Heap before GC invocations=68 (full 0):
 garbage-first heap   total 315392K, used 261252K [0x0000000080000000, 0x0000000100000000)
  region size 1024K, 47 young (48128K), 2 survivors (2048K)
 Metaspace       used 108882K, capacity 111824K, committed 111952K, reserved 1146880K
  class space    used 13361K, capacity 14511K, committed 14592K, reserved 1048576K
}
Event: 104.593 GC heap after
{Heap after GC invocations=69 (full 0):
 garbage-first heap   total 315392K, used 226117K [0x0000000080000000, 0x0000000100000000)
  region size 1024K, 6 young (6144K), 6 survivors (6144K)
 Metaspace       used 108882K, capacity 111824K, committed 111952K, reserved 1146880K
  class space    used 13361K, capacity 14511K, committed 14592K, reserved 1048576K
}
Event: 104.978 GC heap before
{Heap before GC invocations=69 (full 0):
 garbage-first heap   total 315392K, used 265029K [0x0000000080000000, 0x0000000100000000)
  region size 1024K, 44 young (45056K), 6 survivors (6144K)
 Metaspace       used 108922K, capacity 111825K, committed 111952K, reserved 1146880K
  class space    used 13361K, capacity 14511K, committed 14592K, reserved 1048576K
}
Event: 105.019 GC heap after
{Heap after GC invocations=70 (full 0):
 garbage-first heap   total 315392K, used 236354K [0x0000000080000000, 0x0000000100000000)
  region size 1024K, 6 young (6144K), 6 survivors (6144K)
 Metaspace       used 108922K, capacity 111825K, committed 111952K, reserved 1146880K
  class space    used 13361K, capacity 14511K, committed 14592K, reserved 1048576K
}
Event: 105.265 GC heap before
{Heap before GC invocations=70 (full 0):
 garbage-first heap   total 315392K, used 266050K [0x0000000080000000, 0x0000000100000000)
  region size 1024K, 35 young (35840K), 6 survivors (6144K)
 Metaspace       used 108944K, capacity 111894K, committed 112208K, reserved 1146880K
  class space    used 13361K, capacity 14511K, committed 14592K, reserved 1048576K
}
Event: 105.298 GC heap after
{Heap after GC invocations=71 (full 0):
 garbage-first heap   total 315392K, used 243712K [0x0000000080000000, 0x0000000100000000)
  region size 1024K, 5 young (5120K), 5 survivors (5120K)
 Metaspace       used 108944K, capacity 111894K, committed 112208K, reserved 1146880K
  class space    used 13361K, capacity 14511K, committed 14592K, reserved 1048576K
}
Event: 105.486 GC heap before
{Heap before GC invocations=71 (full 0):
 garbage-first heap   total 315392K, used 268288K [0x0000000080000000, 0x0000000100000000)
  region size 1024K, 30 young (30720K), 5 survivors (5120K)
 Metaspace       used 108947K, capacity 111894K, committed 112208K, reserved 1146880K
  class space    used 13361K, capacity 14511K, committed 14592K, reserved 1048576K
}

