# JRE version: OpenJDK Runtime Environment (11.0.13) (build 11.0.13+0-b1751.21-8125866)
# Java VM: OpenJDK 64-Bit Server VM (11.0.13+0-b1751.21-8125866, mixed mode, tiered, compressed oops, g1 gc, windows-amd64)
Heap:
 garbage-first heap   total 262144K, used 92315K [0x0000000080000000, 0x0000000100000000)
  region size 1024K, 32 young (32768K), 14 survivors (14336K)
 Metaspace       used 82861K, capacity 85292K, committed 85456K, reserved 1122304K
  class space    used 10854K, capacity 11794K, committed 11904K, reserved 1048576K
GC Heap History (20 events):
Event: 9.805 GC heap before
{Heap before GC invocations=3 (full 0):
 garbage-first heap   total 262144K, used 40015K [0x0000000080000000, 0x0000000100000000)
  region size 1024K, 31 young (31744K), 7 survivors (7168K)
 Metaspace       used 20710K, capacity 21155K, committed 21296K, reserved 1069056K
  class space    used 2504K, capacity 2633K, committed 2688K, reserved 1048576K
}
Event: 9.824 GC heap after
{Heap after GC invocations=4 (full 0):
 garbage-first heap   total 262144K, used 17540K [0x0000000080000000, 0x0000000100000000)
  region size 1024K, 2 young (2048K), 2 survivors (2048K)
 Metaspace       used 20710K, capacity 21155K, committed 21296K, reserved 1069056K
  class space    used 2504K, capacity 2633K, committed 2688K, reserved 1048576K
}
Event: 12.150 GC heap before
{Heap before GC invocations=5 (full 0):
 garbage-first heap   total 262144K, used 93316K [0x0000000080000000, 0x0000000100000000)
  region size 1024K, 77 young (78848K), 2 survivors (2048K)
 Metaspace       used 28145K, capacity 28791K, committed 28976K, reserved 1075200K
  class space    used 3659K, capacity 3910K, committed 3968K, reserved 1048576K
}
Event: 12.159 GC heap after
{Heap after GC invocations=6 (full 0):
 garbage-first heap   total 262144K, used 20054K [0x0000000080000000, 0x0000000100000000)
  region size 1024K, 4 young (4096K), 4 survivors (4096K)
 Metaspace       used 28145K, capacity 28791K, committed 28976K, reserved 1075200K
  class space    used 3659K, capacity 3910K, committed 3968K, reserved 1048576K
}
Event: 13.771 GC heap before
{Heap before GC invocations=6 (full 0):
 garbage-first heap   total 262144K, used 57942K [0x0000000080000000, 0x0000000100000000)
  region size 1024K, 42 young (43008K), 4 survivors (4096K)
 Metaspace       used 34980K, capacity 35776K, committed 35920K, reserved 1081344K
  class space    used 4465K, capacity 4795K, committed 4864K, reserved 1048576K
}
Event: 13.794 GC heap after
{Heap after GC invocations=7 (full 0):
 garbage-first heap   total 262144K, used 22941K [0x0000000080000000, 0x0000000100000000)
  region size 1024K, 7 young (7168K), 7 survivors (7168K)
 Metaspace       used 34980K, capacity 35776K, committed 35920K, reserved 1081344K
  class space    used 4465K, capacity 4795K, committed 4864K, reserved 1048576K
}
Event: 19.130 GC heap before
{Heap before GC invocations=8 (full 0):
 garbage-first heap   total 262144K, used 165277K [0x0000000080000000, 0x0000000100000000)
  region size 1024K, 143 young (146432K), 7 survivors (7168K)
 Metaspace       used 46523K, capacity 47714K, committed 47952K, reserved 1091584K
  class space    used 5881K, capacity 6332K, committed 6400K, reserved 1048576K
}
Event: 19.159 GC heap after
{Heap after GC invocations=9 (full 0):
 garbage-first heap   total 262144K, used 30231K [0x0000000080000000, 0x0000000100000000)
  region size 1024K, 14 young (14336K), 14 survivors (14336K)
 Metaspace       used 46523K, capacity 47714K, committed 47952K, reserved 1091584K
  class space    used 5881K, capacity 6332K, committed 6400K, reserved 1048576K
}
Event: 23.471 GC heap before
{Heap before GC invocations=9 (full 0):
 garbage-first heap   total 262144K, used 176663K [0x0000000080000000, 0x0000000100000000)
  region size 1024K, 153 young (156672K), 14 survivors (14336K)
 Metaspace       used 57094K, capacity 58668K, committed 58832K, reserved 1099776K
  class space    used 7148K, capacity 7699K, committed 7808K, reserved 1048576K
}
Event: 23.504 GC heap after
{Heap after GC invocations=10 (full 0):
 garbage-first heap   total 262144K, used 46643K [0x0000000080000000, 0x0000000100000000)
  region size 1024K, 20 young (20480K), 20 survivors (20480K)
 Metaspace       used 57094K, capacity 58668K, committed 58832K, reserved 1099776K
  class space    used 7148K, capacity 7699K, committed 7808K, reserved 1048576K
}
Event: 23.846 GC heap before
{Heap before GC invocations=10 (full 0):
 garbage-first heap   total 262144K, used 54835K [0x0000000080000000, 0x0000000100000000)
  region size 1024K, 29 young (29696K), 20 survivors (20480K)
 Metaspace       used 58604K, capacity 60184K, committed 60240K, reserved 1101824K
  class space    used 7354K, capacity 7907K, committed 7936K, reserved 1048576K
}
Event: 23.894 GC heap after
{Heap after GC invocations=11 (full 0):
 garbage-first heap   total 262144K, used 49605K [0x0000000080000000, 0x0000000100000000)
  region size 1024K, 3 young (3072K), 3 survivors (3072K)
 Metaspace       used 58604K, capacity 60184K, committed 60240K, reserved 1101824K
  class space    used 7354K, capacity 7907K, committed 7936K, reserved 1048576K
}
Event: 27.151 GC heap before
{Heap before GC invocations=12 (full 0):
 garbage-first heap   total 262144K, used 135621K [0x0000000080000000, 0x0000000100000000)
  region size 1024K, 87 young (89088K), 3 survivors (3072K)
 Metaspace       used 65051K, capacity 66768K, committed 67024K, reserved 1107968K
  class space    used 8182K, capacity 8828K, committed 8832K, reserved 1048576K
}
Event: 27.166 GC heap after
{Heap after GC invocations=13 (full 0):
 garbage-first heap   total 262144K, used 54466K [0x0000000080000000, 0x0000000100000000)
  region size 1024K, 8 young (8192K), 8 survivors (8192K)
 Metaspace       used 65051K, capacity 66768K, committed 67024K, reserved 1107968K
  class space    used 8182K, capacity 8828K, committed 8832K, reserved 1048576K
}
Event: 29.671 GC heap before
{Heap before GC invocations=13 (full 0):
 garbage-first heap   total 262144K, used 147650K [0x0000000080000000, 0x0000000100000000)
  region size 1024K, 99 young (101376K), 8 survivors (8192K)
 Metaspace       used 67365K, capacity 69300K, committed 69456K, reserved 1110016K
  class space    used 8519K, capacity 9206K, committed 9216K, reserved 1048576K
}
Event: 29.696 GC heap after
{Heap after GC invocations=14 (full 0):
 garbage-first heap   total 262144K, used 61364K [0x0000000080000000, 0x0000000100000000)
  region size 1024K, 7 young (7168K), 7 survivors (7168K)
 Metaspace       used 67365K, capacity 69300K, committed 69456K, reserved 1110016K
  class space    used 8519K, capacity 9206K, committed 9216K, reserved 1048576K
}
Event: 32.840 GC heap before
{Heap before GC invocations=14 (full 0):
 garbage-first heap   total 262144K, used 159668K [0x0000000080000000, 0x0000000100000000)
  region size 1024K, 103 young (105472K), 7 survivors (7168K)
 Metaspace       used 73539K, capacity 75598K, committed 75728K, reserved 1114112K
  class space    used 9511K, capacity 10298K, committed 10368K, reserved 1048576K
}
Event: 32.869 GC heap after
{Heap after GC invocations=15 (full 0):
 garbage-first heap   total 262144K, used 68083K [0x0000000080000000, 0x0000000100000000)
  region size 1024K, 7 young (7168K), 7 survivors (7168K)
 Metaspace       used 73539K, capacity 75598K, committed 75728K, reserved 1114112K
  class space    used 9511K, capacity 10298K, committed 10368K, reserved 1048576K
}
Event: 37.211 GC heap before
{Heap before GC invocations=15 (full 0):
 garbage-first heap   total 262144K, used 169459K [0x0000000080000000, 0x0000000100000000)
  region size 1024K, 106 young (108544K), 7 survivors (7168K)
 Metaspace       used 81179K, capacity 83496K, committed 83792K, reserved 1122304K
  class space    used 10545K, capacity 11469K, committed 11520K, reserved 1048576K
}
Event: 37.233 GC heap after
{Heap after GC invocations=16 (full 0):
 garbage-first heap   total 262144K, used 74907K [0x0000000080000000, 0x0000000100000000)
  region size 1024K, 14 young (14336K), 14 survivors (14336K)
 Metaspace       used 81179K, capacity 83496K, committed 83792K, reserved 1122304K
  class space    used 10545K, capacity 11469K, committed 11520K, reserved 1048576K
}

